<?xml version="1.0" encoding="UTF-8"?>
<!-- Generated by org.testng.reporters.JUnitReportReporter -->
<testsuite hostname="LAPTOP-V9RKDOB0" failures="0" tests="1" name="Utility.hiddentElement" time="32.988" errors="0" timestamp="2021-08-25T15:19:49 IST" skipped="0">
  <testcase classname="Utility.hiddentElement" name="hidden" time="32.988"/>
  <system-out/>
</testsuite> <!-- Utility.hiddentElement -->
