<?xml version="1.0" encoding="UTF-8"?>
<!-- Generated by org.testng.reporters.JUnitReportReporter -->
<testsuite hostname="LAPTOP-V9RKDOB0" failures="0" tests="1" name="Utility.Multipletabs" time="43.089" errors="0" timestamp="2021-08-25T13:53:54 IST" skipped="0">
  <testcase classname="Utility.Multipletabs" name="multitabs" time="43.089"/>
  <system-out/>
</testsuite> <!-- Utility.Multipletabs -->
