<?xml version="1.0" encoding="UTF-8"?>
<!-- Generated by org.testng.reporters.JUnitReportReporter -->
<testsuite hostname="LAPTOP-V9RKDOB0" failures="0" tests="2" name="Utility.Datapro" time="0.035" errors="0" timestamp="2021-08-08T20:33:06 IST" skipped="0">
  <testcase classname="Utility.Datapro" name="login" time="0.025"/>
  <system-out/>
  <testcase classname="Utility.Datapro" name="login" time="0.010"/>
  <system-out/>
</testsuite> <!-- Utility.Datapro -->
