<?xml version="1.0" encoding="UTF-8"?>
<!-- Generated by org.testng.reporters.JUnitReportReporter -->
<testsuite hostname="LAPTOP-V9RKDOB0" failures="0" tests="1" name="Utility.Actionclass" time="88.633" errors="0" timestamp="2021-08-25T19:37:48 IST" skipped="0">
  <testcase classname="Utility.Actionclass" name="RightClick" time="88.633"/>
  <system-out/>
</testsuite> <!-- Utility.Actionclass -->
