<?xml version="1.0" encoding="UTF-8"?>
<!-- Generated by org.testng.reporters.JUnitReportReporter -->
<testsuite hostname="LAPTOP-V9RKDOB0" failures="0" tests="1" name="ParllelExecution.LoginScreen" time="6.703" errors="0" timestamp="2021-08-08T21:26:10 IST" skipped="0">
  <testcase classname="ParllelExecution.LoginScreen" name="OpenSalesForceApplication" time="6.703"/>
  <system-out/>
</testsuite> <!-- ParllelExecution.LoginScreen -->
