<?xml version="1.0" encoding="UTF-8"?>
<!-- Generated by org.testng.reporters.JUnitReportReporter -->
<testsuite hostname="LAPTOP-V9RKDOB0" failures="0" tests="3" name="ParllelExecution.Dataprovidertest" time="101.506" errors="0" timestamp="2021-08-08T21:47:14 IST" skipped="0">
  <testcase classname="ParllelExecution.Dataprovidertest" name="vvlog" time="25.985"/>
  <system-out/>
  <testcase classname="ParllelExecution.Dataprovidertest" name="vvlog" time="28.689"/>
  <system-out/>
  <testcase classname="ParllelExecution.Dataprovidertest" name="vvlog" time="46.832"/>
  <system-out/>
</testsuite> <!-- ParllelExecution.Dataprovidertest -->
