<?xml version="1.0" encoding="UTF-8"?>
<!-- Generated by org.testng.reporters.JUnitReportReporter -->
<testsuite hostname="LAPTOP-V9RKDOB0" failures="0" tests="1" name="Login" time="2.709" errors="0" timestamp="2021-08-07T21:16:20 IST" skipped="0">
  <testcase classname="Login" name="ExtentReports" time="2.709"/>
  <system-out/>
</testsuite> <!-- Login -->
