<?xml version="1.0" encoding="UTF-8"?>
<!-- Generated by org.testng.reporters.JUnitReportReporter -->
<testsuite hostname="LAPTOP-V9RKDOB0" failures="0" tests="2" name="ParllelExecution.Datapro" time="0.047" errors="0" timestamp="2021-08-08T20:35:02 IST" skipped="0">
  <testcase classname="ParllelExecution.Datapro" name="loginnarasimha" time="0.041"/>
  <system-out/>
  <testcase classname="ParllelExecution.Datapro" name="loginnarasimha" time="0.006"/>
  <system-out/>
</testsuite> <!-- ParllelExecution.Datapro -->
