<?xml version="1.0" encoding="UTF-8"?>
<!-- Generated by org.testng.reporters.JUnitReportReporter -->
<testsuite hostname="LAPTOP-V9RKDOB0" failures="0" tests="4" name="ParllelExecution.TestNGprac" time="0.054" errors="0" timestamp="2021-08-23T19:49:42 IST" skipped="0">
  <testcase classname="ParllelExecution.TestNGprac" name="A1" time="0.030"/>
  <system-out/>
  <testcase classname="ParllelExecution.TestNGprac" name="A2" time="0.006"/>
  <system-out/>
  <testcase classname="ParllelExecution.TestNGprac" name="priority0" time="0.008"/>
  <system-out/>
  <testcase classname="ParllelExecution.TestNGprac" name="priority1" time="0.010"/>
  <system-out/>
</testsuite> <!-- ParllelExecution.TestNGprac -->
